# JRE version: OpenJDK Runtime Environment 18.9 (11.0.13+8) (build 11.0.13+8)
# Java VM: OpenJDK 64-Bit Server VM 18.9 (11.0.13+8, mixed mode, tiered, compressed oops, g1 gc, windows-amd64)
Heap:
 garbage-first heap   total 131072K, used 57304K [0x0000000081600000, 0x0000000100000000)
  region size 1024K, 24 young (24576K), 8 survivors (8192K)
 Metaspace       used 60593K, capacity 61351K, committed 61648K, reserved 1103872K
  class space    used 7005K, capacity 7325K, committed 7420K, reserved 1048576K
GC Heap History (14 events):
Event: 1.338 GC heap before
{Heap before GC invocations=0 (full 0):
 garbage-first heap   total 131072K, used 17408K [0x0000000081600000, 0x0000000100000000)
  region size 1024K, 14 young (14336K), 0 survivors (0K)
 Metaspace       used 9823K, capacity 9970K, committed 10112K, reserved 1058816K
  class space    used 829K, capacity 853K, committed 896K, reserved 1048576K
}
Event: 1.358 GC heap after
{Heap after GC invocations=1 (full 0):
 garbage-first heap   total 131072K, used 5278K [0x0000000081600000, 0x0000000100000000)
  region size 1024K, 2 young (2048K), 2 survivors (2048K)
 Metaspace       used 9823K, capacity 9970K, committed 10112K, reserved 1058816K
  class space    used 829K, capacity 853K, committed 896K, reserved 1048576K
}
Event: 4.395 GC heap before
{Heap before GC invocations=1 (full 0):
 garbage-first heap   total 131072K, used 50334K [0x0000000081600000, 0x0000000100000000)
  region size 1024K, 47 young (48128K), 2 survivors (2048K)
 Metaspace       used 21001K, capacity 21182K, committed 21248K, reserved 1069056K
  class space    used 2213K, capacity 2280K, committed 2304K, reserved 1048576K
}
Event: 4.414 GC heap after
{Heap after GC invocations=2 (full 0):
 garbage-first heap   total 131072K, used 9246K [0x0000000081600000, 0x0000000100000000)
  region size 1024K, 6 young (6144K), 6 survivors (6144K)
 Metaspace       used 21001K, capacity 21182K, committed 21248K, reserved 1069056K
  class space    used 2213K, capacity 2280K, committed 2304K, reserved 1048576K
}
Event: 8.613 GC heap before
{Heap before GC invocations=3 (full 0):
 garbage-first heap   total 131072K, used 62494K [0x0000000081600000, 0x0000000100000000)
  region size 1024K, 53 young (54272K), 6 survivors (6144K)
 Metaspace       used 32391K, capacity 32825K, committed 33020K, reserved 1077248K
  class space    used 4018K, capacity 4214K, committed 4348K, reserved 1048576K
}
Event: 8.638 GC heap after
{Heap after GC invocations=4 (full 0):
 garbage-first heap   total 131072K, used 20882K [0x0000000081600000, 0x0000000100000000)
  region size 1024K, 7 young (7168K), 7 survivors (7168K)
 Metaspace       used 32391K, capacity 32825K, committed 33020K, reserved 1077248K
  class space    used 4018K, capacity 4214K, committed 4348K, reserved 1048576K
}
Event: 9.606 GC heap before
{Heap before GC invocations=4 (full 0):
 garbage-first heap   total 131072K, used 34194K [0x0000000081600000, 0x0000000100000000)
  region size 1024K, 21 young (21504K), 7 survivors (7168K)
 Metaspace       used 35494K, capacity 35908K, committed 36048K, reserved 1081344K
  class space    used 4357K, capacity 4538K, committed 4604K, reserved 1048576K
}
Event: 9.622 GC heap after
{Heap after GC invocations=5 (full 0):
 garbage-first heap   total 131072K, used 20407K [0x0000000081600000, 0x0000000100000000)
  region size 1024K, 2 young (2048K), 2 survivors (2048K)
 Metaspace       used 35494K, capacity 35908K, committed 36048K, reserved 1081344K
  class space    used 4357K, capacity 4538K, committed 4604K, reserved 1048576K
}
Event: 16.047 GC heap before
{Heap before GC invocations=6 (full 0):
 garbage-first heap   total 131072K, used 79799K [0x0000000081600000, 0x0000000100000000)
  region size 1024K, 58 young (59392K), 2 survivors (2048K)
 Metaspace       used 48289K, capacity 48813K, committed 48976K, reserved 1091584K
  class space    used 5645K, capacity 5862K, committed 6012K, reserved 1048576K
}
Event: 16.072 GC heap after
{Heap after GC invocations=7 (full 0):
 garbage-first heap   total 131072K, used 27404K [0x0000000081600000, 0x0000000100000000)
  region size 1024K, 7 young (7168K), 7 survivors (7168K)
 Metaspace       used 48289K, capacity 48813K, committed 48976K, reserved 1091584K
  class space    used 5645K, capacity 5862K, committed 6012K, reserved 1048576K
}
Event: 22.821 GC heap before
{Heap before GC invocations=8 (full 0):
 garbage-first heap   total 131072K, used 87820K [0x0000000081600000, 0x0000000100000000)
  region size 1024K, 65 young (66560K), 7 survivors (7168K)
 Metaspace       used 55988K, capacity 56747K, committed 56912K, reserved 1099776K
  class space    used 6622K, capacity 6909K, committed 7036K, reserved 1048576K
}
Event: 22.846 GC heap after
{Heap after GC invocations=9 (full 0):
 garbage-first heap   total 131072K, used 33296K [0x0000000081600000, 0x0000000100000000)
  region size 1024K, 6 young (6144K), 6 survivors (6144K)
 Metaspace       used 55988K, capacity 56747K, committed 56912K, reserved 1099776K
  class space    used 6622K, capacity 6909K, committed 7036K, reserved 1048576K
}
Event: 32.013 GC heap before
{Heap before GC invocations=9 (full 0):
 garbage-first heap   total 131072K, used 92688K [0x0000000081600000, 0x0000000100000000)
  region size 1024K, 64 young (65536K), 6 survivors (6144K)
 Metaspace       used 60288K, capacity 61087K, committed 61392K, reserved 1103872K
  class space    used 6975K, capacity 7322K, committed 7420K, reserved 1048576K
}
Event: 32.044 GC heap after
{Heap after GC invocations=10 (full 0):
 garbage-first heap   total 131072K, used 41944K [0x0000000081600000, 0x0000000100000000)
  region size 1024K, 8 young (8192K), 8 survivors (8192K)
 Metaspace       used 60288K, capacity 61087K, committed 61392K, reserved 1103872K
  class space    used 6975K, capacity 7322K, committed 7420K, reserved 1048576K
}

