# JRE version: OpenJDK Runtime Environment 18.9 (11.0.13+8) (build 11.0.13+8)
# Java VM: OpenJDK 64-Bit Server VM 18.9 (11.0.13+8, mixed mode, tiered, compressed oops, g1 gc, windows-amd64)
Heap:
 garbage-first heap   total 131072K, used 49574K [0x0000000081600000, 0x0000000100000000)
  region size 1024K, 13 young (13312K), 6 survivors (6144K)
 Metaspace       used 59862K, capacity 60713K, committed 60876K, reserved 1103872K
  class space    used 6809K, capacity 7135K, committed 7168K, reserved 1048576K
GC Heap History (14 events):
Event: 1.214 GC heap before
{Heap before GC invocations=0 (full 0):
 garbage-first heap   total 131072K, used 17408K [0x0000000081600000, 0x0000000100000000)
  region size 1024K, 14 young (14336K), 0 survivors (0K)
 Metaspace       used 9825K, capacity 9970K, committed 10112K, reserved 1058816K
  class space    used 827K, capacity 853K, committed 896K, reserved 1048576K
}
Event: 1.233 GC heap after
{Heap after GC invocations=1 (full 0):
 garbage-first heap   total 131072K, used 5381K [0x0000000081600000, 0x0000000100000000)
  region size 1024K, 2 young (2048K), 2 survivors (2048K)
 Metaspace       used 9825K, capacity 9970K, committed 10112K, reserved 1058816K
  class space    used 827K, capacity 853K, committed 896K, reserved 1048576K
}
Event: 4.398 GC heap before
{Heap before GC invocations=1 (full 0):
 garbage-first heap   total 131072K, used 51461K [0x0000000081600000, 0x0000000100000000)
  region size 1024K, 48 young (49152K), 2 survivors (2048K)
 Metaspace       used 21026K, capacity 21182K, committed 21248K, reserved 1069056K
  class space    used 2213K, capacity 2280K, committed 2304K, reserved 1048576K
}
Event: 4.417 GC heap after
{Heap after GC invocations=2 (full 0):
 garbage-first heap   total 131072K, used 9366K [0x0000000081600000, 0x0000000100000000)
  region size 1024K, 6 young (6144K), 6 survivors (6144K)
 Metaspace       used 21026K, capacity 21182K, committed 21248K, reserved 1069056K
  class space    used 2213K, capacity 2280K, committed 2304K, reserved 1048576K
}
Event: 9.037 GC heap before
{Heap before GC invocations=3 (full 0):
 garbage-first heap   total 131072K, used 61590K [0x0000000081600000, 0x0000000100000000)
  region size 1024K, 52 young (53248K), 6 survivors (6144K)
 Metaspace       used 31810K, capacity 32186K, committed 32256K, reserved 1077248K
  class space    used 3912K, capacity 4084K, committed 4096K, reserved 1048576K
}
Event: 9.060 GC heap after
{Heap after GC invocations=4 (full 0):
 garbage-first heap   total 131072K, used 21095K [0x0000000081600000, 0x0000000100000000)
  region size 1024K, 7 young (7168K), 7 survivors (7168K)
 Metaspace       used 31810K, capacity 32186K, committed 32256K, reserved 1077248K
  class space    used 3912K, capacity 4084K, committed 4096K, reserved 1048576K
}
Event: 10.175 GC heap before
{Heap before GC invocations=4 (full 0):
 garbage-first heap   total 131072K, used 36455K [0x0000000081600000, 0x0000000100000000)
  region size 1024K, 23 young (23552K), 7 survivors (7168K)
 Metaspace       used 35332K, capacity 35786K, committed 35840K, reserved 1081344K
  class space    used 4300K, capacity 4474K, committed 4480K, reserved 1048576K
}
Event: 10.188 GC heap after
{Heap after GC invocations=5 (full 0):
 garbage-first heap   total 131072K, used 20717K [0x0000000081600000, 0x0000000100000000)
  region size 1024K, 2 young (2048K), 2 survivors (2048K)
 Metaspace       used 35332K, capacity 35786K, committed 35840K, reserved 1081344K
  class space    used 4300K, capacity 4474K, committed 4480K, reserved 1048576K
}
Event: 16.285 GC heap before
{Heap before GC invocations=6 (full 0):
 garbage-first heap   total 131072K, used 77037K [0x0000000081600000, 0x0000000100000000)
  region size 1024K, 55 young (56320K), 2 survivors (2048K)
 Metaspace       used 46690K, capacity 47214K, committed 47488K, reserved 1091584K
  class space    used 5459K, capacity 5653K, committed 5760K, reserved 1048576K
}
Event: 16.301 GC heap after
{Heap after GC invocations=7 (full 0):
 garbage-first heap   total 131072K, used 28712K [0x0000000081600000, 0x0000000100000000)
  region size 1024K, 7 young (7168K), 7 survivors (7168K)
 Metaspace       used 46690K, capacity 47214K, committed 47488K, reserved 1091584K
  class space    used 5459K, capacity 5653K, committed 5760K, reserved 1048576K
}
Event: 22.899 GC heap before
{Heap before GC invocations=7 (full 0):
 garbage-first heap   total 131072K, used 87080K [0x0000000081600000, 0x0000000100000000)
  region size 1024K, 63 young (64512K), 7 survivors (7168K)
 Metaspace       used 50733K, capacity 51369K, committed 51712K, reserved 1095680K
  class space    used 5796K, capacity 6039K, committed 6144K, reserved 1048576K
}
Event: 22.928 GC heap after
{Heap after GC invocations=8 (full 0):
 garbage-first heap   total 131072K, used 36957K [0x0000000081600000, 0x0000000100000000)
  region size 1024K, 8 young (8192K), 8 survivors (8192K)
 Metaspace       used 50733K, capacity 51369K, committed 51712K, reserved 1095680K
  class space    used 5796K, capacity 6039K, committed 6144K, reserved 1048576K
}
Event: 32.471 GC heap before
{Heap before GC invocations=8 (full 0):
 garbage-first heap   total 131072K, used 83037K [0x0000000081600000, 0x0000000100000000)
  region size 1024K, 54 young (55296K), 8 survivors (8192K)
 Metaspace       used 59427K, capacity 60160K, committed 60288K, reserved 1101824K
  class space    used 6779K, capacity 7100K, committed 7168K, reserved 1048576K
}
Event: 32.499 GC heap after
{Heap after GC invocations=9 (full 0):
 garbage-first heap   total 131072K, used 43430K [0x0000000081600000, 0x0000000100000000)
  region size 1024K, 6 young (6144K), 6 survivors (6144K)
 Metaspace       used 59427K, capacity 60160K, committed 60288K, reserved 1101824K
  class space    used 6779K, capacity 7100K, committed 7168K, reserved 1048576K
}

